#
# There is insufficient memory for the Java Runtime Environment to continue.
# Native memory allocation (malloc) failed to allocate 174736 bytes for Chunk::new
# Possible reasons:
#   The system is out of physical RAM or swap space
#   In 32 bit mode, the process size limit was hit
# Possible solutions:
#   Reduce memory load on the system
#   Increase physical memory or swap space
#   Check if swap backing store is full
#   Use 64 bit Java on a 64 bit OS
#   Decrease Java heap size (-Xmx/-Xms)
#   Decrease number of Java threads
#   Decrease Java thread stack sizes (-Xss)
#   Set larger code cache with -XX:ReservedCodeCacheSize=
# This output file may be truncated or incomplete.
#
#  Out of Memory Error (allocation.cpp:390), pid=13308, tid=0x00000000000036a4
#
# JRE version: Java(TM) SE Runtime Environment (8.0_102-b14) (build 1.8.0_102-b14)
# Java VM: Java HotSpot(TM) 64-Bit Server VM (25.102-b14 mixed mode windows-amd64 compressed oops)
# Failed to write core dump. Minidumps are not enabled by default on client versions of Windows
#

---------------  T H R E A D  ---------------

Current thread (0x0000000014d1a000):  JavaThread "C2 CompilerThread0" daemon [_thread_in_native, id=13988, stack(0x0000000016640000,0x0000000016740000)]

Stack: [0x0000000016640000,0x0000000016740000]
[error occurred during error reporting (printing stack bounds), id 0xc0000005]

Native frames: (J=compiled Java code, j=interpreted, Vv=VM code, C=native code)


Current CompileTask:
C2:   5444  308 %     4       org.jsoup.parser.CharacterReader::consumeToAny @ 16 (108 bytes)


---------------  P R O C E S S  ---------------

Java Threads: ( => current thread )
  0x00000000163d9800 JavaThread "Keep-Alive-Timer" daemon [_thread_blocked, id=14136, stack(0x0000000017340000,0x0000000017440000)]
  0x00000000160c0000 JavaThread "Service Thread" daemon [_thread_blocked, id=14104, stack(0x0000000016940000,0x0000000016a40000)]
  0x000000001604e000 JavaThread "C1 CompilerThread2" daemon [_thread_in_native, id=14132, stack(0x0000000016840000,0x0000000016940000)]
  0x000000001604b000 JavaThread "C2 CompilerThread1" daemon [_thread_in_native, id=14056, stack(0x0000000016740000,0x0000000016840000)]
=>0x0000000014d1a000 JavaThread "C2 CompilerThread0" daemon [_thread_in_native, id=13988, stack(0x0000000016640000,0x0000000016740000)]
  0x0000000014d19000 JavaThread "Attach Listener" daemon [_thread_blocked, id=13392, stack(0x0000000016540000,0x0000000016640000)]
  0x0000000014ccf000 JavaThread "Signal Dispatcher" daemon [_thread_blocked, id=12236, stack(0x0000000016440000,0x0000000016540000)]
  0x0000000014caa800 JavaThread "Finalizer" daemon [_thread_blocked, id=13036, stack(0x0000000015f40000,0x0000000016040000)]
  0x0000000002acf800 JavaThread "Reference Handler" daemon [_thread_blocked, id=14072, stack(0x0000000015e40000,0x0000000015f40000)]
  0x00000000029e0800 JavaThread "main" [_thread_in_vm, id=14060, stack(0x00000000028e0000,0x00000000029e0000)]

Other Threads:
  0x0000000014c87000 VMThread [stack: 0x0000000015d40000,0x0000000015e40000] [id=14096]
  0x0000000016104800 WatcherThread [stack: 0x0000000016a40000,0x0000000016b40000] [id=14160]

VM state:not at safepoint (normal execution)

VM Mutex/Monitor currently owned by a thread: None

Heap:
 PSYoungGen      total 60416K, used 50891K [0x00000000ed780000, 0x00000000f1380000, 0x0000000100000000)
  eden space 59392K, 84% used [0x00000000ed780000,0x00000000f08c5420,0x00000000f1180000)
  from space 1024K, 42% used [0x00000000f1280000,0x00000000f12ed890,0x00000000f1380000)
  to   space 1024K, 0% used [0x00000000f1180000,0x00000000f1180000,0x00000000f1280000)
 ParOldGen       total 38400K, used 4129K [0x00000000c8600000, 0x00000000cab80000, 0x00000000ed780000)
  object space 38400K, 10% used [0x00000000c8600000,0x00000000c8a086c0,0x00000000cab80000)
 Metaspace       used 4762K, capacity 5344K, committed 5504K, reserved 1056768K
  class space    used 524K, capacity 528K, committed 640K, reserved 1048576K

Card table byte_map: [0x0000000011ea0000,0x0000000012060000] byte_map_base: 0x000000001185d000

Marking Bits: (ParMarkBitMap*) 0x00000000693ca6c0
 Begin Bits: [0x0000000012590000, 0x0000000013378000)
 End Bits:   [0x0000000013378000, 0x0000000014160000)

Polling page: 0x0000000000c10000

CodeCache: size=245760Kb used=1954Kb max_used=1966Kb free=243805Kb
 bounds [0x0000000002ae0000, 0x0000000002d50000, 0x0000000011ae0000]
 total_blobs=570 nmethods=310 adapters=174
 compilation: enabled

Compilation events (10 events):
Event: 5.293 Thread 0x000000001604b000 nmethod 330 0x0000000002cc95d0 code [0x0000000002cc9720, 0x0000000002cc9818]
Event: 5.293 Thread 0x000000001604b000  331       4       org.jsoup.parser.CharacterReader::consume (38 bytes)
Event: 5.295 Thread 0x000000001604b000 nmethod 331 0x0000000002cc9310 code [0x0000000002cc9440, 0x0000000002cc94f8]
Event: 5.295 Thread 0x000000001604b000  333       4       org.jsoup.helper.Validate::notNull (15 bytes)
Event: 5.295 Thread 0x000000001604b000 nmethod 333 0x0000000002c98690 code [0x0000000002c987c0, 0x0000000002c98818]
Event: 5.299 Thread 0x000000001604b000  337       4       java.lang.StringBuilder::length (5 bytes)
Event: 5.300 Thread 0x000000001604b000 nmethod 337 0x0000000002c97450 code [0x0000000002c97580, 0x0000000002c975d8]
Event: 5.306 Thread 0x000000001604b000  340       4       org.jsoup.nodes.Element::nodeName (8 bytes)
Event: 5.307 Thread 0x000000001604b000 nmethod 340 0x0000000002cc90d0 code [0x0000000002cc9200, 0x0000000002cc9278]
Event: 5.307 Thread 0x000000001604b000  341       4       org.jsoup.parser.CharacterReader::cacheString (144 bytes)

GC Heap History (10 events):
Event: 4.608 GC heap before
{Heap before GC invocations=34 (full 0):
 PSYoungGen      total 60416K, used 59908K [0x00000000ed780000, 0x00000000f1380000, 0x0000000100000000)
  eden space 59392K, 99% used [0x00000000ed780000,0x00000000f113a350,0x00000000f1180000)
  from space 1024K, 77% used [0x00000000f1180000,0x00000000f1246e10,0x00000000f1280000)
  to   space 1024K, 0% used [0x00000000f1280000,0x00000000f1280000,0x00000000f1380000)
 ParOldGen       total 38400K, used 3730K [0x00000000c8600000, 0x00000000cab80000, 0x00000000ed780000)
  object space 38400K, 9% used [0x00000000c8600000,0x00000000c89a49e0,0x00000000cab80000)
 Metaspace       used 3420K, capacity 4494K, committed 4864K, reserved 1056768K
  class space    used 369K, capacity 386K, committed 512K, reserved 1048576K
Event: 4.609 GC heap after
Heap after GC invocations=34 (full 0):
 PSYoungGen      total 60416K, used 420K [0x00000000ed780000, 0x00000000f1380000, 0x0000000100000000)
  eden space 59392K, 0% used [0x00000000ed780000,0x00000000ed780000,0x00000000f1180000)
  from space 1024K, 41% used [0x00000000f1280000,0x00000000f12e90a0,0x00000000f1380000)
  to   space 1024K, 0% used [0x00000000f1180000,0x00000000f1180000,0x00000000f1280000)
 ParOldGen       total 38400K, used 3730K [0x00000000c8600000, 0x00000000cab80000, 0x00000000ed780000)
  object space 38400K, 9% used [0x00000000c8600000,0x00000000c89a49e0,0x00000000cab80000)
 Metaspace       used 3420K, capacity 4494K, committed 4864K, reserved 1056768K
  class space    used 369K, capacity 386K, committed 512K, reserved 1048576K
}
Event: 4.640 GC heap before
{Heap before GC invocations=35 (full 0):
 PSYoungGen      total 60416K, used 59791K [0x00000000ed780000, 0x00000000f1380000, 0x0000000100000000)
  eden space 59392K, 99% used [0x00000000ed780000,0x00000000f117aec0,0x00000000f1180000)
  from space 1024K, 41% used [0x00000000f1280000,0x00000000f12e90a0,0x00000000f1380000)
  to   space 1024K, 0% used [0x00000000f1180000,0x00000000f1180000,0x00000000f1280000)
 ParOldGen       total 38400K, used 3730K [0x00000000c8600000, 0x00000000cab80000, 0x00000000ed780000)
  object space 38400K, 9% used [0x00000000c8600000,0x00000000c89a49e0,0x00000000cab80000)
 Metaspace       used 3420K, capacity 4494K, committed 4864K, reserved 1056768K
  class space    used 369K, capacity 386K, committed 512K, reserved 1048576K
Event: 4.641 GC heap after
Heap after GC invocations=35 (full 0):
 PSYoungGen      total 60416K, used 428K [0x00000000ed780000, 0x00000000f1380000, 0x0000000100000000)
  eden space 59392K, 0% used [0x00000000ed780000,0x00000000ed780000,0x00000000f1180000)
  from space 1024K, 41% used [0x00000000f1180000,0x00000000f11eb0d0,0x00000000f1280000)
  to   space 1024K, 0% used [0x00000000f1280000,0x00000000f1280000,0x00000000f1380000)
 ParOldGen       total 38400K, used 3730K [0x00000000c8600000, 0x00000000cab80000, 0x00000000ed780000)
  object space 38400K, 9% used [0x00000000c8600000,0x00000000c89a49e0,0x00000000cab80000)
 Metaspace       used 3420K, capacity 4494K, committed 4864K, reserved 1056768K
  class space    used 369K, capacity 386K, committed 512K, reserved 1048576K
}
Event: 4.671 GC heap before
{Heap before GC invocations=36 (full 0):
 PSYoungGen      total 60416K, used 59293K [0x00000000ed780000, 0x00000000f1380000, 0x0000000100000000)
  eden space 59392K, 99% used [0x00000000ed780000,0x00000000f10fc330,0x00000000f1180000)
  from space 1024K, 41% used [0x00000000f1180000,0x00000000f11eb0d0,0x00000000f1280000)
  to   space 1024K, 0% used [0x00000000f1280000,0x00000000f1280000,0x00000000f1380000)
 ParOldGen       total 38400K, used 3730K [0x00000000c8600000, 0x00000000cab80000, 0x00000000ed780000)
  object space 38400K, 9% used [0x00000000c8600000,0x00000000c89a49e0,0x00000000cab80000)
 Metaspace       used 3420K, capacity 4494K, committed 4864K, reserved 1056768K
  class space    used 369K, capacity 386K, committed 512K, reserved 1048576K
Event: 4.673 GC heap after
Heap after GC invocations=36 (full 0):
 PSYoungGen      total 60416K, used 862K [0x00000000ed780000, 0x00000000f1380000, 0x0000000100000000)
  eden space 59392K, 0% used [0x00000000ed780000,0x00000000ed780000,0x00000000f1180000)
  from space 1024K, 84% used [0x00000000f1280000,0x00000000f1357a00,0x00000000f1380000)
  to   space 1024K, 0% used [0x00000000f1180000,0x00000000f1180000,0x00000000f1280000)
 ParOldGen       total 38400K, used 4129K [0x00000000c8600000, 0x00000000cab80000, 0x00000000ed780000)
  object space 38400K, 10% used [0x00000000c8600000,0x00000000c8a086c0,0x00000000cab80000)
 Metaspace       used 3420K, capacity 4494K, committed 4864K, reserved 1056768K
  class space    used 369K, capacity 386K, committed 512K, reserved 1048576K
}
Event: 4.704 GC heap before
{Heap before GC invocations=37 (full 0):
 PSYoungGen      total 60416K, used 59933K [0x00000000ed780000, 0x00000000f1380000, 0x0000000100000000)
  eden space 59392K, 99% used [0x00000000ed780000,0x00000000f112fce8,0x00000000f1180000)
  from space 1024K, 84% used [0x00000000f1280000,0x00000000f1357a00,0x00000000f1380000)
  to   space 1024K, 0% used [0x00000000f1180000,0x00000000f1180000,0x00000000f1280000)
 ParOldGen       total 38400K, used 4129K [0x00000000c8600000, 0x00000000cab80000, 0x00000000ed780000)
  object space 38400K, 10% used [0x00000000c8600000,0x00000000c8a086c0,0x00000000cab80000)
 Metaspace       used 3420K, capacity 4494K, committed 4864K, reserved 1056768K
  class space    used 369K, capacity 386K, committed 512K, reserved 1048576K
Event: 4.705 GC heap after
Heap after GC invocations=37 (full 0):
 PSYoungGen      total 60416K, used 871K [0x00000000ed780000, 0x00000000f1380000, 0x0000000100000000)
  eden space 59392K, 0% used [0x00000000ed780000,0x00000000ed780000,0x00000000f1180000)
  from space 1024K, 85% used [0x00000000f1180000,0x00000000f1259d10,0x00000000f1280000)
  to   space 1024K, 0% used [0x00000000f1280000,0x00000000f1280000,0x00000000f1380000)
 ParOldGen       total 38400K, used 4129K [0x00000000c8600000, 0x00000000cab80000, 0x00000000ed780000)
  object space 38400K, 10% used [0x00000000c8600000,0x00000000c8a086c0,0x00000000cab80000)
 Metaspace       used 3420K, capacity 4494K, committed 4864K, reserved 1056768K
  class space    used 369K, capacity 386K, committed 512K, reserved 1048576K
}
Event: 4.738 GC heap before
{Heap before GC invocations=38 (full 0):
 PSYoungGen      total 60416K, used 59950K [0x00000000ed780000, 0x00000000f1380000, 0x0000000100000000)
  eden space 59392K, 99% used [0x00000000ed780000,0x00000000f1131cb0,0x00000000f1180000)
  from space 1024K, 85% used [0x00000000f1180000,0x00000000f1259d10,0x00000000f1280000)
  to   space 1024K, 0% used [0x00000000f1280000,0x00000000f1280000,0x00000000f1380000)
 ParOldGen       total 38400K, used 4129K [0x00000000c8600000, 0x00000000cab80000, 0x00000000ed780000)
  object space 38400K, 10% used [0x00000000c8600000,0x00000000c8a086c0,0x00000000cab80000)
 Metaspace       used 3420K, capacity 4494K, committed 4864K, reserved 1056768K
  class space    used 369K, capacity 386K, committed 512K, reserved 1048576K
Event: 4.739 GC heap after
Heap after GC invocations=38 (full 0):
 PSYoungGen      total 60416K, used 438K [0x00000000ed780000, 0x00000000f1380000, 0x0000000100000000)
  eden space 59392K, 0% used [0x00000000ed780000,0x00000000ed780000,0x00000000f1180000)
  from space 1024K, 42% used [0x00000000f1280000,0x00000000f12ed890,0x00000000f1380000)
  to   space 1024K, 0% used [0x00000000f1180000,0x00000000f1180000,0x00000000f1280000)
 ParOldGen       total 38400K, used 4129K [0x00000000c8600000, 0x00000000cab80000, 0x00000000ed780000)
  object space 38400K, 10% used [0x00000000c8600000,0x00000000c8a086c0,0x00000000cab80000)
 Metaspace       used 3420K, capacity 4494K, committed 4864K, reserved 1056768K
  class space    used 369K, capacity 386K, committed 512K, reserved 1048576K
}

Deoptimization events (3 events):
Event: 4.382 Thread 0x00000000029e0800 Uncommon trap: reason=unstable_if action=reinterpret pc=0x0000000002c2077c method=sun.nio.cs.UTF_8$Decoder.decodeArrayLoop(Ljava/nio/ByteBuffer;Ljava/nio/CharBuffer;)Ljava/nio/charset/CoderResult; @ 287
Event: 4.762 Thread 0x00000000029e0800 Uncommon trap: reason=unstable_if action=reinterpret pc=0x0000000002c1e36c method=java.io.BufferedReader.readLine(Z)Ljava/lang/String; @ 55
Event: 4.980 Thread 0x00000000029e0800 Uncommon trap: reason=unstable_if action=reinterpret pc=0x0000000002c04260 method=java.io.BufferedReader.readLine(Z)Ljava/lang/String; @ 160

Internal exceptions (6 events):
Event: 0.074 Thread 0x00000000029e0800 Exception <a 'java/lang/NoSuchMethodError': Method sun.misc.Unsafe.defineClass(Ljava/lang/String;[BII)Ljava/lang/Class; name or signature does not match> (0x00000000ed787c78) thrown at [C:\re\workspace\8-2-build-windows-amd64-cygwin\jdk8u102\7268\hotspot\syéÖüŸ³?
Event: 0.075 Thread 0x00000000029e0800 Exception <a 'java/lang/NoSuchMethodError': Method sun.misc.Unsafe.prefetchRead(Ljava/lang/Object;J)V name or signature does not match> (0x00000000ed787f60) thrown at [C:\re\workspace\8-2-build-windows-amd64-cygwin\jdk8u102\7268\hotspot\src\share\vm\prims\†J$¬+ò@
Event: 4.986 Thread 0x00000000029e0800 Exception <a 'java/security/PrivilegedActionException'> (0x00000000f04488f8) thrown at [C:\re\workspace\8-2-build-windows-amd64-cygwin\jdk8u102\7268\hotspot\src\share\vm\prims\jvm.cpp, line 1386]
Event: 4.987 Thread 0x00000000029e0800 Exception <a 'java/security/PrivilegedActionException'> (0x00000000f0448b08) thrown at [C:\re\workspace\8-2-build-windows-amd64-cygwin\jdk8u102\7268\hotspot\src\share\vm\prims\jvm.cpp, line 1386]
Event: 4.988 Thread 0x00000000029e0800 Exception <a 'java/security/PrivilegedActionException'> (0x00000000f044ad00) thrown at [C:\re\workspace\8-2-build-windows-amd64-cygwin\jdk8u102\7268\hotspot\src\share\vm\prims\jvm.cpp, line 1386]
Event: 4.989 Thread 0x00000000029e0800 Exception <a 'java/security/PrivilegedActionException'> (0x00000000f044af10) thrown at [C:\re\workspace\8-2-build-windows-amd64-cygwin\jdk8u102\7268\hotspot\src\share\vm\prims\jvm.cpp, line 1386]

Events (10 events):
Event: 5.212 loading class java/lang/NoSuchFieldError
Event: 5.214 loading class java/lang/NoSuchFieldError done
Event: 5.216 loading class java/util/LinkedHashMap$LinkedValues
Event: 5.217 loading class java/util/LinkedHashMap$LinkedValues done
Event: 5.217 loading class java/util/LinkedHashMap$LinkedValueIterator
Event: 5.217 loading class java/util/LinkedHashMap$LinkedValueIterator done
Event: 5.220 loading class org/jsoup/parser/HtmlTreeBuilderState$Constants
Event: 5.220 loading class org/jsoup/parser/HtmlTreeBuilderState$Constants done
Event: 5.240 loading class java/lang/Character$CharacterCache
Event: 5.241 loading class java/lang/Character$CharacterCache done


Dynamic libraries:
0x00007ff7f9690000 - 0x00007ff7f96c7000 	D:\jdk1.8\bin\javaw.exe
0x00007ffea5ea0000 - 0x00007ffea6061000 	C:\Windows\SYSTEM32\ntdll.dll
0x00007ffea5d90000 - 0x00007ffea5e3d000 	C:\Windows\system32\KERNEL32.DLL
0x00007ffea3060000 - 0x00007ffea3248000 	C:\Windows\system32\KERNELBASE.dll
0x00007ffea5b60000 - 0x00007ffea5c07000 	C:\Windows\system32\ADVAPI32.dll
0x00007ffea5c80000 - 0x00007ffea5d1d000 	C:\Windows\system32\msvcrt.dll
0x00007ffea5e40000 - 0x00007ffea5e9b000 	C:\Windows\system32\sechost.dll
0x00007ffea5620000 - 0x00007ffea573c000 	C:\Windows\system32\RPCRT4.dll
0x00007ffea5850000 - 0x00007ffea59a6000 	C:\Windows\system32\USER32.dll
0x00007ffea4d50000 - 0x00007ffea4ed6000 	C:\Windows\system32\GDI32.dll
0x00007ffe965e0000 - 0x00007ffe96854000 	C:\Windows\WinSxS\amd64_microsoft.windows.common-controls_6595b64144ccf1df_6.0.10586.589_none_a2ddb3caa539acce\COMCTL32.dll
0x00007ffea4ad0000 - 0x00007ffea4d4d000 	C:\Windows\system32\combase.dll
0x00007ffea2940000 - 0x00007ffea29aa000 	C:\Windows\system32\bcryptPrimitives.dll
0x00007ffea5d50000 - 0x00007ffea5d8b000 	C:\Windows\system32\IMM32.DLL
0x0000000068ad0000 - 0x0000000068ba1000 	D:\jdk1.8\jre\bin\msvcr100.dll
0x0000000068bb0000 - 0x000000006944a000 	D:\jdk1.8\jre\bin\server\jvm.dll
0x00007ffea32a0000 - 0x00007ffea32a8000 	C:\Windows\system32\PSAPI.DLL
0x00007ffea0b90000 - 0x00007ffea0bb3000 	C:\Windows\SYSTEM32\WINMM.dll
0x00007ffe9f960000 - 0x00007ffe9f96a000 	C:\Windows\SYSTEM32\VERSION.dll
0x00007ffea0b60000 - 0x00007ffea0b8c000 	C:\Windows\SYSTEM32\WINMMBASE.dll
0x00007ffe933b0000 - 0x00007ffe933b9000 	C:\Windows\SYSTEM32\WSOCK32.dll
0x00007ffea3250000 - 0x00007ffea3293000 	C:\Windows\system32\cfgmgr32.dll
0x00007ffea55b0000 - 0x00007ffea561b000 	C:\Windows\system32\WS2_32.dll
0x0000000068ac0000 - 0x0000000068acf000 	D:\jdk1.8\jre\bin\verify.dll
0x0000000068a90000 - 0x0000000068ab9000 	D:\jdk1.8\jre\bin\java.dll
0x0000000068a70000 - 0x0000000068a86000 	D:\jdk1.8\jre\bin\zip.dll
0x00007ffea3460000 - 0x00007ffea49bc000 	C:\Windows\system32\SHELL32.dll
0x00007ffea2a10000 - 0x00007ffea3055000 	C:\Windows\system32\windows.storage.dll
0x00007ffea3400000 - 0x00007ffea3452000 	C:\Windows\system32\shlwapi.dll
0x00007ffea2520000 - 0x00007ffea252f000 	C:\Windows\system32\kernel.appcore.dll
0x00007ffea2690000 - 0x00007ffea2745000 	C:\Windows\system32\shcore.dll
0x00007ffea24d0000 - 0x00007ffea251b000 	C:\Windows\system32\powrprof.dll
0x00007ffea2530000 - 0x00007ffea2544000 	C:\Windows\system32\profapi.dll
0x0000000068a50000 - 0x0000000068a6a000 	D:\jdk1.8\jre\bin\net.dll
0x00007ffea1df0000 - 0x00007ffea1e4c000 	C:\Windows\system32\mswsock.dll
0x00007ffea0f30000 - 0x00007ffea0fda000 	C:\Windows\SYSTEM32\DNSAPI.dll
0x00007ffea5d20000 - 0x00007ffea5d28000 	C:\Windows\system32\NSI.dll
0x00007ffe99f10000 - 0x00007ffe99f1a000 	C:\Windows\System32\rasadhlp.dll
0x00007ffe9e490000 - 0x00007ffe9e4c8000 	C:\Windows\SYSTEM32\IPHLPAPI.DLL
0x00007ffe9dc30000 - 0x00007ffe9dc97000 	C:\Windows\System32\fwpuclnt.dll
0x00007ffea20c0000 - 0x00007ffea20e9000 	C:\Windows\SYSTEM32\bcrypt.dll

VM Arguments:
jvm_args: -Dfile.encoding=UTF-8 
java_command: Crawler.Crawler
java_class_path (initial): B:\LaVieEnFrance\Master\M2-1\REI\project\Crawler\target\classes;B:\LaVieEnFrance\Master\M2-1\REI\project\commons-net-1.4.1\commons-net-1.4.1.jar;C:\Users\Robert\.m2\repository\org\jsoup\jsoup\1.10.1\jsoup-1.10.1.jar;C:\Users\Robert\.m2\repository\commons-io\commons-io\2.5\commons-io-2.5.jar
Launcher Type: SUN_STANDARD

Environment Variables:
PATH=D:/jdk1.8/jre/bin/server;D:/jdk1.8/jre/bin;D:/jdk1.8/jre/lib/amd64;D:\OCaml\bin;C:\Windows\system32;C:\Windows;C:\Windows\System32\Wbem;C:\Windows\System32\WindowsPowerShell\v1.0\;C:\Program Files (x86)\ATI Technologies\ATI.ACE\Core-Static;C:\Anaconda2;C:\Anaconda2\Scripts;C:\Anaconda2\python;D:\Git\cmd;D:\miktex\miktex\bin\x64\;D:\WinSCP\;D:\cygwin\bin;D:\camelia\;C:\Users\Robert\Desktop;
USERNAME=Robert
OS=Windows_NT
PROCESSOR_IDENTIFIER=AMD64 Family 18 Model 1 Stepping 0, AuthenticAMD



---------------  S Y S T E M  ---------------

OS: Windows 10.0 , 64 bit Build 10586 (10.0.10586.589)

CPU:total 4 (4 cores per cpu, 1 threads per core) family 18 model 1 stepping 0, cmov, cx8, fxsr, mmx, sse, sse2, sse3, popcnt, mmxext, 3dnowpref, lzcnt, sse4a, tsc, tscinvbit, tscinv

Memory: 4k page, physical 3643512k(664228k free), swap 11028724k(1508k free)

vm_info: Java HotSpot(TM) 64-Bit Server VM (25.102-b14) for windows-amd64 JRE (1.8.0_102-b14), built on Jun 22 2016 13:15:21 by "java_re" with MS VC++ 10.0 (VS2010)

time: Sun Nov 06 12:31:34 2016
elapsed time: 5 seconds (0d 0h 0m 5s)

